<?xml version="1.0" encoding="UTF-8"?>
<testng-results ignored="0" total="1" passed="1" failed="0" skipped="0">
  <reporter-output>
  </reporter-output>
  <suite started-at="2022-06-15T01:50:21 IST" name="Default suite" finished-at="2022-06-15T01:50:47 IST" duration-ms="25705">
    <groups>
    </groups>
    <test started-at="2022-06-15T01:50:21 IST" name="Default test" finished-at="2022-06-15T01:50:47 IST" duration-ms="25705">
      <class name="com.facebook.LoginTest">
        <test-method signature="positiveTest()[pri:0, instance:com.facebook.LoginTest@6379eb]" started-at="2022-06-15T01:50:21 IST" name="positiveTest" finished-at="2022-06-15T01:50:47 IST" duration-ms="25566" status="PASS">
          <reporter-output>
          </reporter-output>
        </test-method> <!-- positiveTest -->
      </class> <!-- com.facebook.LoginTest -->
    </test> <!-- Default test -->
  </suite> <!-- Default suite -->
</testng-results>
